<?xml version="1.0" encoding="UTF-8"?>
<testng-results skipped="0" failed="0" ignored="0" total="1" passed="1">
  <reporter-output>
  </reporter-output>
  <suite name="Suite" duration-ms="2186" started-at="2019-07-01T11:50:07Z" finished-at="2019-07-01T11:50:09Z">
    <groups>
    </groups>
    <test name="Test" duration-ms="2186" started-at="2019-07-01T11:50:07Z" finished-at="2019-07-01T11:50:09Z">
      <class name="com.redbus.practiceDemo.JavaOCRTextValidation">
        <test-method status="PASS" signature="dataProviderTest()[pri:0, instance:com.redbus.practiceDemo.JavaOCRTextValidation@4f7d0008]" name="dataProviderTest" duration-ms="1652" started-at="2019-07-01T11:50:07Z" finished-at="2019-07-01T11:50:09Z">
          <reporter-output>
          </reporter-output>
        </test-method> <!-- dataProviderTest -->
      </class> <!-- com.redbus.practiceDemo.JavaOCRTextValidation -->
    </test> <!-- Test -->
  </suite> <!-- Suite -->
</testng-results>
